<?xml version="1.0" encoding="UTF-8"?>
<!-- Generated by org.testng.reporters.JUnitReportReporter -->
<testsuite hostname="Parzival" failures="0" tests="1" name="runner.TestRunner" time="24.335" errors="0" timestamp="2024-04-10T13:21:49 IST" skipped="0">
  <testcase classname="runner.TestRunner" name="runScenario" time="24.335"/>
  <system-out/>
</testsuite> <!-- runner.TestRunner -->
