<?xml version="1.0" encoding="UTF-8"?>
<!-- Generated by org.testng.reporters.JUnitReportReporter -->
<testsuite hostname="Parzival" failures="0" tests="1" name="StepDefinitions.LoginPageTest" time="7.678" errors="0" timestamp="2024-02-14T05:46:43 IST" skipped="0">
  <testcase classname="StepDefinitions.LoginPageTest" name="loginTest" time="7.678"/>
  <system-out/>
</testsuite> <!-- StepDefinitions.LoginPageTest -->
