<?xml version="1.0" encoding="UTF-8"?>
<!-- Generated by org.testng.reporters.JUnitReportReporter -->
<testsuite hostname="Parzival" failures="0" tests="1" name="stepDefinitions.TestRunner" time="11.759" errors="0" timestamp="2024-02-24T11:36:35 IST" skipped="0">
  <testcase classname="stepDefinitions.TestRunner" name="runScenario" time="11.759"/>
  <system-out/>
</testsuite> <!-- stepDefinitions.TestRunner -->
