<?xml version="1.0" encoding="UTF-8"?>
<!-- Generated by org.testng.reporters.JUnitReportReporter -->
<testsuite hostname="Parzival" failures="3" tests="4" name="runner.TestRunner" time="116.406" errors="0" timestamp="2024-05-22T06:46:04 IST" skipped="0">
  <testcase classname="runner.TestRunner" name="runScenario" time="7.720">
    <failure message="Welcome message not displayed" type="java.lang.AssertionError">
      <![CDATA[java.lang.AssertionError: Welcome message not displayed
at stepdefinitions.LoginPageSteps.VerifyLoginIsSuccess(LoginPageSteps.java:49)
at ✽.user should see the Home page(file:///E:/Workspace-1/CucumberJava/src/test/resources/features/LoginOrange.feature:6)
]]>
    </failure>
  </testcase> <!-- runScenario -->
  <system-out/>
  <testcase classname="runner.TestRunner" name="runScenario" time="8.126">
    <failure message="Welcome message not displayed" type="java.lang.AssertionError">
      <![CDATA[java.lang.AssertionError: Welcome message not displayed
at stepdefinitions.LoginPageSteps.VerifyLoginIsSuccess(LoginPageSteps.java:49)
at ✽.user should see the Home page(file:///E:/Workspace-1/CucumberJava/src/test/resources/features/LoginGuru99.feature:6)
]]>
    </failure>
  </testcase> <!-- runScenario -->
  <system-out/>
  <testcase classname="runner.TestRunner" name="runScenario" time="24.436"/>
  <system-out/>
  <testcase classname="runner.TestRunner" name="runScenario" time="76.124">
    <failure message="Welcome message not displayed" type="java.lang.AssertionError">
      <![CDATA[java.lang.AssertionError: Welcome message not displayed
at stepdefinitions.LoginPageSteps.VerifyLoginIsSuccess(LoginPageSteps.java:49)
at ✽.user should see the Home page(file:///E:/Workspace-1/CucumberJava/src/test/resources/features/HomePageOrange.feature:6)
]]>
    </failure>
  </testcase> <!-- runScenario -->
  <system-out/>
</testsuite> <!-- runner.TestRunner -->
