<?xml version="1.0" encoding="UTF-8"?>
<!-- Generated by org.testng.reporters.JUnitReportReporter -->
<testsuite hostname="Parzival" failures="0" tests="1" name="runner.TestRunner" time="25.005" errors="0" timestamp="2024-05-19T07:01:28 IST" skipped="0">
  <testcase classname="runner.TestRunner" name="runScenario" time="25.005"/>
  <system-out/>
</testsuite> <!-- runner.TestRunner -->
