<?xml version="1.0" encoding="UTF-8"?>
<!-- Generated by org.testng.reporters.JUnitReportReporter -->
<testsuite hostname="Parzival" failures="0" tests="3" name="stepDefinitions.TestRunner" time="151.105" errors="0" timestamp="2024-03-15T06:17:42 IST" skipped="0">
  <testcase classname="stepDefinitions.TestRunner" name="runScenario" time="51.997"/>
  <system-out/>
  <testcase classname="stepDefinitions.TestRunner" name="runScenario" time="49.889"/>
  <system-out/>
  <testcase classname="stepDefinitions.TestRunner" name="runScenario" time="49.219"/>
  <system-out/>
</testsuite> <!-- stepDefinitions.TestRunner -->
