<?xml version="1.0" encoding="UTF-8"?>
<!-- Generated by org.testng.reporters.JUnitReportReporter -->
<testsuite hostname="Parzival" failures="0" tests="1" name="stepDefinitions.TestRunner" time="49.814" errors="0" timestamp="2024-03-13T06:28:47 IST" skipped="0">
  <testcase classname="stepDefinitions.TestRunner" name="runScenario" time="49.814"/>
  <system-out/>
</testsuite> <!-- stepDefinitions.TestRunner -->
