<?xml version="1.0" encoding="UTF-8"?>
<!-- Generated by org.testng.reporters.JUnitReportReporter -->
<testsuite hostname="Parzival" failures="0" tests="2" name="runner.TestRunner" time="49.658" errors="0" timestamp="2024-06-08T06:58:29 IST" skipped="0">
  <testcase classname="runner.TestRunner" name="runScenario" time="23.862"/>
  <system-out/>
  <testcase classname="runner.TestRunner" name="runScenario" time="25.796"/>
  <system-out/>
</testsuite> <!-- runner.TestRunner -->
